Connecting to database specified by database.yml
Connecting to database specified by database.yml
Connecting to database specified by database.yml
Connecting to database specified by database.yml
Connecting to database specified by database.yml
Connecting to database specified by database.yml
Connecting to database specified by database.yml


Started GET "/" for 127.0.0.1 at 2015-02-27 14:27:18 -0800
Connecting to database specified by database.yml
Processing by WelcomeController#index as HTML
  Rendered welcome/index.html.erb within layouts/application (2.1ms)
Warning. Error encountered while saving cache /Users/satinderalag/saffron/tmp/cache/sass/df6740eff9c1cf25dda0fa9b11b7cc53d6e4fef2/welcome.css.scssc: can't dump anonymous class #<Class:0x007f91ab31b9f8>
Compiled welcome.css  (3ms)  (pid 36280)
Compiled application.css  (10ms)  (pid 36280)
Compiled jquery.js  (1ms)  (pid 36280)
Compiled jquery_ujs.js  (0ms)  (pid 36280)
Compiled welcome.js  (72ms)  (pid 36280)
Compiled application.js  (118ms)  (pid 36280)
Completed 200 OK in 201.9ms (Views: 201.6ms | ActiveRecord: 0.0ms)


Connecting to database specified by database.yml
  [1m[36m (4.0ms)[0m  [1mSELECT "schema_migrations"."version" FROM "schema_migrations" [0m
Migrating to DeviseCreateUsers (20150228014330)
Migrating to AddDetailsToUsers (20150228112510)
Migrating to CreateItems (20150308031006)
  [1m[35m (0.1ms)[0m  select sqlite_version(*)
  [1m[36m (0.1ms)[0m  [1mSELECT "schema_migrations"."version" FROM "schema_migrations" [0m
Connecting to database specified by database.yml


Started GET "/" for 127.0.0.1 at 2015-03-11 14:43:49 -0700
Processing by WelcomeController#index as HTML
Completed 401 Unauthorized in 6.9ms


Started GET "/users/sign_in" for 127.0.0.1 at 2015-03-11 14:43:50 -0700
Processing by Devise::SessionsController#new as HTML
  Rendered devise/shared/_links.html.erb (1.1ms)
  Rendered devise/sessions/new.html.erb within layouts/application (10.7ms)
Warning. Error encountered while saving cache /Users/satinderalag/saffron-strand/tmp/cache/sass/e438f41d60573c267a934f6d99f3a5f211d446dc/items.css.scssc: can't dump anonymous class #<Class:0x007ff313743318>
Compiled admin/items.css  (4ms)  (pid 18117)
Warning. Error encountered while saving cache /Users/satinderalag/saffron-strand/tmp/cache/sass/e438f41d60573c267a934f6d99f3a5f211d446dc/menu.css.scssc: can't dump anonymous class #<Class:0x007ff313743318>
Compiled admin/menu.css  (1ms)  (pid 18117)
Compiled application.js  (10ms)  (pid 18117)
Completed 200 OK in 147.8ms (Views: 86.2ms | ActiveRecord: 2.1ms)


Started GET "/assets/application.css?body=1" for 127.0.0.1 at 2015-03-11 14:43:50 -0700
Served asset /application.css - 304 Not Modified (5ms)


Started GET "/assets/admin/items.css?body=1" for 127.0.0.1 at 2015-03-11 14:43:50 -0700
Served asset /admin/items.css - 200 OK (2ms)


Started GET "/assets/admin/menu.css?body=1" for 127.0.0.1 at 2015-03-11 14:43:50 -0700
Served asset /admin/menu.css - 200 OK (2ms)


Started GET "/assets/welcome.css?body=1" for 127.0.0.1 at 2015-03-11 14:43:50 -0700
Served asset /welcome.css - 304 Not Modified (1ms)


Started GET "/assets/items.css?body=1" for 127.0.0.1 at 2015-03-11 14:43:50 -0700
Served asset /items.css - 304 Not Modified (2ms)


Started GET "/assets/jquery.js?body=1" for 127.0.0.1 at 2015-03-11 14:43:50 -0700
Served asset /jquery.js - 304 Not Modified (3ms)


Started GET "/assets/jquery_ujs.js?body=1" for 127.0.0.1 at 2015-03-11 14:43:50 -0700
Served asset /jquery_ujs.js - 304 Not Modified (2ms)


Started GET "/assets/items.js?body=1" for 127.0.0.1 at 2015-03-11 14:43:50 -0700
Served asset /items.js - 304 Not Modified (1ms)


Started GET "/assets/welcome.js?body=1" for 127.0.0.1 at 2015-03-11 14:43:50 -0700
Served asset /welcome.js - 304 Not Modified (2ms)


Started GET "/assets/application.js?body=1" for 127.0.0.1 at 2015-03-11 14:43:50 -0700
Served asset /application.js - 304 Not Modified (13ms)


Started GET "/users/starter-template.css" for 127.0.0.1 at 2015-03-11 14:43:50 -0700

ActionController::RoutingError (No route matches [GET] "/users/starter-template.css"):
  actionpack (3.2.16) lib/action_dispatch/middleware/debug_exceptions.rb:21:in `call'
  actionpack (3.2.16) lib/action_dispatch/middleware/show_exceptions.rb:56:in `call'
  railties (3.2.16) lib/rails/rack/logger.rb:32:in `call_app'
  railties (3.2.16) lib/rails/rack/logger.rb:16:in `block in call'
  activesupport (3.2.16) lib/active_support/tagged_logging.rb:22:in `tagged'
  railties (3.2.16) lib/rails/rack/logger.rb:16:in `call'
  actionpack (3.2.16) lib/action_dispatch/middleware/request_id.rb:22:in `call'
  rack (1.4.5) lib/rack/methodoverride.rb:21:in `call'
  rack (1.4.5) lib/rack/runtime.rb:17:in `call'
  activesupport (3.2.16) lib/active_support/cache/strategy/local_cache.rb:72:in `call'
  rack (1.4.5) lib/rack/lock.rb:15:in `call'
  actionpack (3.2.16) lib/action_dispatch/middleware/static.rb:63:in `call'
  railties (3.2.16) lib/rails/engine.rb:484:in `call'
  railties (3.2.16) lib/rails/application.rb:231:in `call'
  rack (1.4.5) lib/rack/content_length.rb:14:in `call'
  railties (3.2.16) lib/rails/rack/log_tailer.rb:17:in `call'
  rack (1.4.5) lib/rack/handler/webrick.rb:59:in `service'
  /Users/satinderalag/.rvm/rubies/ruby-1.9.3-p551/lib/ruby/1.9.1/webrick/httpserver.rb:138:in `service'
  /Users/satinderalag/.rvm/rubies/ruby-1.9.3-p551/lib/ruby/1.9.1/webrick/httpserver.rb:94:in `run'
  /Users/satinderalag/.rvm/rubies/ruby-1.9.3-p551/lib/ruby/1.9.1/webrick/server.rb:191:in `block in start_thread'


  Rendered /Users/satinderalag/.rvm/gems/ruby-1.9.3-p551@rails-3.2.16/gems/actionpack-3.2.16/lib/action_dispatch/middleware/templates/rescues/routing_error.erb within rescues/layout (1.9ms)


Started POST "/users/sign_in" for 127.0.0.1 at 2015-03-11 14:43:57 -0700
Processing by Devise::SessionsController#create as HTML
  Parameters: {"utf8"=>"✓", "authenticity_token"=>"fh3kqyvFJuJpF7F7t0VoRt9llabb9c+rszFD4NIGcSs=", "user"=>{"email"=>"test@test.com", "password"=>"[FILTERED]", "remember_me"=>"0"}, "commit"=>"Log in"}
  [1m[36mUser Load (0.2ms)[0m  [1mSELECT "users".* FROM "users" WHERE "users"."email" = 'test@test.com' LIMIT 1[0m
Completed 401 Unauthorized in 116.1ms
Processing by Devise::SessionsController#new as HTML
  Parameters: {"utf8"=>"✓", "authenticity_token"=>"fh3kqyvFJuJpF7F7t0VoRt9llabb9c+rszFD4NIGcSs=", "user"=>{"email"=>"test@test.com", "password"=>"[FILTERED]", "remember_me"=>"0"}, "commit"=>"Log in"}
  Rendered devise/shared/_links.html.erb (0.3ms)
  Rendered devise/sessions/new.html.erb within layouts/application (3.2ms)
Completed 200 OK in 78.3ms (Views: 8.1ms | ActiveRecord: 0.0ms)


Started GET "/assets/application.css?body=1" for 127.0.0.1 at 2015-03-11 14:43:57 -0700
Served asset /application.css - 304 Not Modified (0ms)


Started GET "/assets/items.css?body=1" for 127.0.0.1 at 2015-03-11 14:43:57 -0700
Served asset /items.css - 304 Not Modified (0ms)


Started GET "/assets/jquery_ujs.js?body=1" for 127.0.0.1 at 2015-03-11 14:43:57 -0700
Served asset /jquery_ujs.js - 304 Not Modified (0ms)


Started GET "/assets/jquery.js?body=1" for 127.0.0.1 at 2015-03-11 14:43:57 -0700
Served asset /jquery.js - 304 Not Modified (0ms)


Started GET "/users/starter-template.css" for 127.0.0.1 at 2015-03-11 14:43:57 -0700

ActionController::RoutingError (No route matches [GET] "/users/starter-template.css"):
  actionpack (3.2.16) lib/action_dispatch/middleware/debug_exceptions.rb:21:in `call'
  actionpack (3.2.16) lib/action_dispatch/middleware/show_exceptions.rb:56:in `call'
  railties (3.2.16) lib/rails/rack/logger.rb:32:in `call_app'
  railties (3.2.16) lib/rails/rack/logger.rb:16:in `block in call'
  activesupport (3.2.16) lib/active_support/tagged_logging.rb:22:in `tagged'
  railties (3.2.16) lib/rails/rack/logger.rb:16:in `call'
  actionpack (3.2.16) lib/action_dispatch/middleware/request_id.rb:22:in `call'
  rack (1.4.5) lib/rack/methodoverride.rb:21:in `call'
  rack (1.4.5) lib/rack/runtime.rb:17:in `call'
  activesupport (3.2.16) lib/active_support/cache/strategy/local_cache.rb:72:in `call'
  rack (1.4.5) lib/rack/lock.rb:15:in `call'
  actionpack (3.2.16) lib/action_dispatch/middleware/static.rb:63:in `call'
  railties (3.2.16) lib/rails/engine.rb:484:in `call'
  railties (3.2.16) lib/rails/application.rb:231:in `call'
  rack (1.4.5) lib/rack/content_length.rb:14:in `call'
  railties (3.2.16) lib/rails/rack/log_tailer.rb:17:in `call'
  rack (1.4.5) lib/rack/handler/webrick.rb:59:in `service'
  /Users/satinderalag/.rvm/rubies/ruby-1.9.3-p551/lib/ruby/1.9.1/webrick/httpserver.rb:138:in `service'
  /Users/satinderalag/.rvm/rubies/ruby-1.9.3-p551/lib/ruby/1.9.1/webrick/httpserver.rb:94:in `run'
  /Users/satinderalag/.rvm/rubies/ruby-1.9.3-p551/lib/ruby/1.9.1/webrick/server.rb:191:in `block in start_thread'


  Rendered /Users/satinderalag/.rvm/gems/ruby-1.9.3-p551@rails-3.2.16/gems/actionpack-3.2.16/lib/action_dispatch/middleware/templates/rescues/routing_error.erb within rescues/layout (0.5ms)


Started GET "/assets/items.js?body=1" for 127.0.0.1 at 2015-03-11 14:43:57 -0700
Served asset /items.js - 304 Not Modified (0ms)


Started GET "/assets/welcome.css?body=1" for 127.0.0.1 at 2015-03-11 14:43:57 -0700
Served asset /welcome.css - 304 Not Modified (0ms)


Started GET "/assets/welcome.js?body=1" for 127.0.0.1 at 2015-03-11 14:43:57 -0700
Served asset /welcome.js - 304 Not Modified (0ms)


Started GET "/assets/application.js?body=1" for 127.0.0.1 at 2015-03-11 14:43:57 -0700
Served asset /application.js - 304 Not Modified (0ms)


Started POST "/users/sign_in" for 127.0.0.1 at 2015-03-11 14:44:02 -0700
Processing by Devise::SessionsController#create as HTML
  Parameters: {"utf8"=>"✓", "authenticity_token"=>"fh3kqyvFJuJpF7F7t0VoRt9llabb9c+rszFD4NIGcSs=", "user"=>{"email"=>"test@test.com", "password"=>"[FILTERED]", "remember_me"=>"0"}, "commit"=>"Log in"}
  [1m[35mUser Load (0.1ms)[0m  SELECT "users".* FROM "users" WHERE "users"."email" = 'test@test.com' LIMIT 1
  [1m[36m (0.1ms)[0m  [1mbegin transaction[0m
  [1m[35m (1.7ms)[0m  UPDATE "users" SET "last_sign_in_at" = '2015-03-08 19:25:22.458910', "current_sign_in_at" = '2015-03-11 21:44:02.425622', "sign_in_count" = 4, "updated_at" = '2015-03-11 21:44:02.429140' WHERE "users"."id" = 1
  [1m[36m (0.6ms)[0m  [1mcommit transaction[0m
Redirected to http://localhost:3000/
Completed 302 Found in 92.0ms (ActiveRecord: 0.0ms)


Started GET "/" for 127.0.0.1 at 2015-03-11 14:44:02 -0700
Processing by WelcomeController#index as HTML
  [1m[35mUser Load (0.1ms)[0m  SELECT "users".* FROM "users" WHERE "users"."id" = 1 LIMIT 1
Redirected to http://localhost:3000/admin/items
Completed 302 Found in 1.2ms (ActiveRecord: 0.1ms)


Started GET "/admin/items" for 127.0.0.1 at 2015-03-11 14:44:02 -0700
Processing by Admin::ItemsController#index as HTML
  [1m[36mUser Load (0.1ms)[0m  [1mSELECT "users".* FROM "users" WHERE "users"."id" = 1 LIMIT 1[0m
  [1m[35mItem Load (0.2ms)[0m  SELECT "items".* FROM "items" 
  Rendered admin/items/index.html.haml within layouts/application (56.8ms)
Completed 200 OK in 69.9ms (Views: 61.9ms | ActiveRecord: 0.5ms)


Started GET "/assets/application.css?body=1" for 127.0.0.1 at 2015-03-11 14:44:02 -0700
Served asset /application.css - 304 Not Modified (0ms)


Started GET "/assets/items.css?body=1" for 127.0.0.1 at 2015-03-11 14:44:02 -0700
Served asset /items.css - 304 Not Modified (0ms)


Started GET "/assets/jquery_ujs.js?body=1" for 127.0.0.1 at 2015-03-11 14:44:02 -0700
Served asset /jquery_ujs.js - 304 Not Modified (0ms)


Started GET "/assets/items.js?body=1" for 127.0.0.1 at 2015-03-11 14:44:02 -0700
Served asset /items.js - 304 Not Modified (0ms)


Started GET "/assets/welcome.css?body=1" for 127.0.0.1 at 2015-03-11 14:44:02 -0700
Served asset /welcome.css - 304 Not Modified (0ms)


Started GET "/assets/jquery.js?body=1" for 127.0.0.1 at 2015-03-11 14:44:02 -0700
Served asset /jquery.js - 304 Not Modified (0ms)


Started GET "/assets/welcome.js?body=1" for 127.0.0.1 at 2015-03-11 14:44:02 -0700
Served asset /welcome.js - 304 Not Modified (0ms)


Started GET "/assets/application.js?body=1" for 127.0.0.1 at 2015-03-11 14:44:02 -0700
Served asset /application.js - 304 Not Modified (0ms)


Started GET "/admin/items/5" for 127.0.0.1 at 2015-03-11 14:44:16 -0700
Processing by Admin::ItemsController#show as HTML
  Parameters: {"id"=>"5"}
  [1m[36mUser Load (0.1ms)[0m  [1mSELECT "users".* FROM "users" WHERE "users"."id" = 1 LIMIT 1[0m
  [1m[35mItem Load (0.2ms)[0m  SELECT "items".* FROM "items" WHERE "items"."id" = ? LIMIT 1  [["id", "5"]]
  Rendered admin/items/show.html.haml within layouts/application (4.5ms)
Completed 200 OK in 11.8ms (Views: 10.0ms | ActiveRecord: 0.3ms)


Started GET "/assets/application.css?body=1" for 127.0.0.1 at 2015-03-11 14:44:16 -0700
Served asset /application.css - 304 Not Modified (0ms)


Started GET "/assets/admin/menu.css?body=1" for 127.0.0.1 at 2015-03-11 14:44:16 -0700
Served asset /admin/menu.css - 304 Not Modified (0ms)


Started GET "/assets/items.css?body=1" for 127.0.0.1 at 2015-03-11 14:44:16 -0700
Served asset /items.css - 304 Not Modified (0ms)


Started GET "/assets/welcome.css?body=1" for 127.0.0.1 at 2015-03-11 14:44:16 -0700
Served asset /welcome.css - 304 Not Modified (3ms)


Started GET "/assets/jquery_ujs.js?body=1" for 127.0.0.1 at 2015-03-11 14:44:16 -0700
Served asset /jquery_ujs.js - 304 Not Modified (0ms)


Started GET "/assets/admin/items.css?body=1" for 127.0.0.1 at 2015-03-11 14:44:16 -0700
Served asset /admin/items.css - 304 Not Modified (0ms)


Started GET "/assets/jquery.js?body=1" for 127.0.0.1 at 2015-03-11 14:44:16 -0700
Served asset /jquery.js - 304 Not Modified (0ms)


Started GET "/assets/items.js?body=1" for 127.0.0.1 at 2015-03-11 14:44:16 -0700
Served asset /items.js - 304 Not Modified (0ms)


Started GET "/assets/application.js?body=1" for 127.0.0.1 at 2015-03-11 14:44:16 -0700
Served asset /application.js - 304 Not Modified (0ms)


Started GET "/assets/welcome.js?body=1" for 127.0.0.1 at 2015-03-11 14:44:16 -0700
Served asset /welcome.js - 304 Not Modified (0ms)


Started GET "/admin/items" for 127.0.0.1 at 2015-03-11 14:44:20 -0700
Processing by Admin::ItemsController#index as HTML
  [1m[36mUser Load (0.1ms)[0m  [1mSELECT "users".* FROM "users" WHERE "users"."id" = 1 LIMIT 1[0m
  [1m[35mItem Load (0.1ms)[0m  SELECT "items".* FROM "items" 
  Rendered admin/items/index.html.haml within layouts/application (30.9ms)
Completed 200 OK in 71.5ms (Views: 68.6ms | ActiveRecord: 0.3ms)


Started GET "/assets/application.css?body=1" for 127.0.0.1 at 2015-03-11 14:44:20 -0700
Served asset /application.css - 304 Not Modified (1ms)


Started GET "/assets/admin/items.css?body=1" for 127.0.0.1 at 2015-03-11 14:44:20 -0700
Served asset /admin/items.css - 304 Not Modified (0ms)


Started GET "/assets/admin/menu.css?body=1" for 127.0.0.1 at 2015-03-11 14:44:20 -0700
Served asset /admin/menu.css - 304 Not Modified (0ms)


Started GET "/assets/jquery.js?body=1" for 127.0.0.1 at 2015-03-11 14:44:20 -0700
Served asset /jquery.js - 304 Not Modified (0ms)


Started GET "/assets/items.css?body=1" for 127.0.0.1 at 2015-03-11 14:44:20 -0700
Served asset /items.css - 304 Not Modified (0ms)


Started GET "/assets/welcome.css?body=1" for 127.0.0.1 at 2015-03-11 14:44:20 -0700
Served asset /welcome.css - 304 Not Modified (0ms)


Started GET "/assets/jquery_ujs.js?body=1" for 127.0.0.1 at 2015-03-11 14:44:20 -0700
Served asset /jquery_ujs.js - 304 Not Modified (0ms)


Started GET "/assets/items.js?body=1" for 127.0.0.1 at 2015-03-11 14:44:20 -0700
Served asset /items.js - 304 Not Modified (0ms)


Started GET "/assets/welcome.js?body=1" for 127.0.0.1 at 2015-03-11 14:44:20 -0700
Served asset /welcome.js - 304 Not Modified (0ms)


Started GET "/assets/application.js?body=1" for 127.0.0.1 at 2015-03-11 14:44:20 -0700
Served asset /application.js - 304 Not Modified (0ms)


Started GET "/admin/items/48" for 127.0.0.1 at 2015-03-11 14:44:25 -0700
Processing by Admin::ItemsController#show as HTML
  Parameters: {"id"=>"48"}
  [1m[36mUser Load (0.2ms)[0m  [1mSELECT "users".* FROM "users" WHERE "users"."id" = 1 LIMIT 1[0m
  [1m[35mItem Load (0.1ms)[0m  SELECT "items".* FROM "items" WHERE "items"."id" = ? LIMIT 1  [["id", "48"]]
  Rendered admin/items/show.html.haml within layouts/application (0.8ms)
Completed 200 OK in 6.4ms (Views: 4.9ms | ActiveRecord: 0.2ms)


Started GET "/assets/application.css?body=1" for 127.0.0.1 at 2015-03-11 14:44:25 -0700
Served asset /application.css - 304 Not Modified (1ms)


Started GET "/assets/admin/menu.css?body=1" for 127.0.0.1 at 2015-03-11 14:44:25 -0700
Served asset /admin/menu.css - 304 Not Modified (0ms)


Started GET "/assets/welcome.css?body=1" for 127.0.0.1 at 2015-03-11 14:44:25 -0700
Served asset /welcome.css - 304 Not Modified (1ms)


Started GET "/assets/admin/items.css?body=1" for 127.0.0.1 at 2015-03-11 14:44:25 -0700
Served asset /admin/items.css - 304 Not Modified (0ms)


Started GET "/assets/items.css?body=1" for 127.0.0.1 at 2015-03-11 14:44:25 -0700
Served asset /items.css - 304 Not Modified (0ms)


Started GET "/assets/jquery.js?body=1" for 127.0.0.1 at 2015-03-11 14:44:25 -0700
Served asset /jquery.js - 304 Not Modified (0ms)


Started GET "/assets/items.js?body=1" for 127.0.0.1 at 2015-03-11 14:44:25 -0700
Served asset /items.js - 304 Not Modified (0ms)


Started GET "/assets/jquery_ujs.js?body=1" for 127.0.0.1 at 2015-03-11 14:44:25 -0700
Served asset /jquery_ujs.js - 304 Not Modified (0ms)


Started GET "/assets/welcome.js?body=1" for 127.0.0.1 at 2015-03-11 14:44:25 -0700
Served asset /welcome.js - 304 Not Modified (0ms)


Started GET "/assets/application.js?body=1" for 127.0.0.1 at 2015-03-11 14:44:25 -0700
Served asset /application.js - 304 Not Modified (0ms)


Started DELETE "/admin/items/48" for 127.0.0.1 at 2015-03-11 14:44:28 -0700
Processing by Admin::ItemsController#destroy as HTML
  Parameters: {"authenticity_token"=>"yqBrPQ+d9duvFw67iOY14ZnHTp8oHuLc7GyUiNSW6LQ=", "id"=>"48"}
  [1m[36mUser Load (0.2ms)[0m  [1mSELECT "users".* FROM "users" WHERE "users"."id" = 1 LIMIT 1[0m
  [1m[35mItem Load (0.2ms)[0m  SELECT "items".* FROM "items" WHERE "items"."id" = ? LIMIT 1  [["id", "48"]]
  [1m[36m (0.0ms)[0m  [1mbegin transaction[0m
  [1m[35mSQL (0.3ms)[0m  DELETE FROM "items" WHERE "items"."id" = ?  [["id", 48]]
  [1m[36m (1.1ms)[0m  [1mcommit transaction[0m
Redirected to http://localhost:3000/admin/items
Completed 302 Found in 5.5ms (ActiveRecord: 1.7ms)


Started GET "/admin/items" for 127.0.0.1 at 2015-03-11 14:44:28 -0700
Processing by Admin::ItemsController#index as HTML
  [1m[35mUser Load (0.2ms)[0m  SELECT "users".* FROM "users" WHERE "users"."id" = 1 LIMIT 1
  [1m[36mItem Load (0.2ms)[0m  [1mSELECT "items".* FROM "items" [0m
  Rendered admin/items/index.html.haml within layouts/application (30.1ms)
Completed 200 OK in 36.2ms (Views: 33.8ms | ActiveRecord: 0.4ms)


Started GET "/assets/application.css?body=1" for 127.0.0.1 at 2015-03-11 14:44:28 -0700
Served asset /application.css - 304 Not Modified (1ms)


Started GET "/assets/admin/items.css?body=1" for 127.0.0.1 at 2015-03-11 14:44:28 -0700
Served asset /admin/items.css - 304 Not Modified (0ms)


Started GET "/assets/jquery.js?body=1" for 127.0.0.1 at 2015-03-11 14:44:28 -0700
Served asset /jquery.js - 304 Not Modified (0ms)


Started GET "/assets/items.css?body=1" for 127.0.0.1 at 2015-03-11 14:44:28 -0700
Served asset /items.css - 304 Not Modified (0ms)


Started GET "/assets/welcome.css?body=1" for 127.0.0.1 at 2015-03-11 14:44:28 -0700
Served asset /welcome.css - 304 Not Modified (0ms)


Started GET "/assets/admin/menu.css?body=1" for 127.0.0.1 at 2015-03-11 14:44:28 -0700
Served asset /admin/menu.css - 304 Not Modified (0ms)


Started GET "/assets/jquery_ujs.js?body=1" for 127.0.0.1 at 2015-03-11 14:44:28 -0700
Served asset /jquery_ujs.js - 304 Not Modified (0ms)


Started GET "/assets/items.js?body=1" for 127.0.0.1 at 2015-03-11 14:44:28 -0700
Served asset /items.js - 304 Not Modified (0ms)


Started GET "/assets/welcome.js?body=1" for 127.0.0.1 at 2015-03-11 14:44:28 -0700
Served asset /welcome.js - 304 Not Modified (0ms)


Started GET "/assets/application.js?body=1" for 127.0.0.1 at 2015-03-11 14:44:28 -0700
Served asset /application.js - 304 Not Modified (0ms)
Connecting to database specified by database.yml
Connecting to database specified by database.yml


Started GET "/" for 127.0.0.1 at 2015-03-12 16:18:45 -0700
Processing by WelcomeController#index as HTML
  [1m[36mUser Load (0.2ms)[0m  [1mSELECT "users".* FROM "users" WHERE "users"."id" = 1 LIMIT 1[0m
Redirected to http://localhost:3000/admin/items
Completed 302 Found in 78.6ms (ActiveRecord: 3.0ms)


Started GET "/admin/items" for 127.0.0.1 at 2015-03-12 16:18:45 -0700
Processing by Admin::ItemsController#index as HTML
  [1m[35mUser Load (0.2ms)[0m  SELECT "users".* FROM "users" WHERE "users"."id" = 1 LIMIT 1
  [1m[36mItem Load (0.2ms)[0m  [1mSELECT "items".* FROM "items" [0m
  Rendered admin/items/index.html.haml within layouts/application (27.5ms)
Completed 200 OK in 89.0ms (Views: 79.0ms | ActiveRecord: 0.7ms)


Started GET "/assets/admin/items.css?body=1" for 127.0.0.1 at 2015-03-12 16:18:45 -0700
Served asset /admin/items.css - 200 OK (1ms)


Started GET "/assets/application.css?body=1" for 127.0.0.1 at 2015-03-12 16:18:45 -0700
Served asset /application.css - 304 Not Modified (51ms)


Started GET "/assets/admin/menu.css?body=1" for 127.0.0.1 at 2015-03-12 16:18:46 -0700
Served asset /admin/menu.css - 200 OK (2ms)


Started GET "/assets/items.css?body=1" for 127.0.0.1 at 2015-03-12 16:18:46 -0700
Served asset /items.css - 304 Not Modified (5ms)


Started GET "/assets/welcome.css?body=1" for 127.0.0.1 at 2015-03-12 16:18:46 -0700
Served asset /welcome.css - 304 Not Modified (3ms)


Started GET "/assets/jquery_ujs.js?body=1" for 127.0.0.1 at 2015-03-12 16:18:46 -0700
Served asset /jquery_ujs.js - 304 Not Modified (1ms)


Started GET "/assets/jquery.js?body=1" for 127.0.0.1 at 2015-03-12 16:18:46 -0700
Served asset /jquery.js - 304 Not Modified (7ms)


Started GET "/assets/items.js?body=1" for 127.0.0.1 at 2015-03-12 16:18:46 -0700
Served asset /items.js - 304 Not Modified (2ms)


Started GET "/assets/welcome.js?body=1" for 127.0.0.1 at 2015-03-12 16:18:46 -0700
Served asset /welcome.js - 304 Not Modified (2ms)


Started GET "/assets/application.js?body=1" for 127.0.0.1 at 2015-03-12 16:18:46 -0700
Served asset /application.js - 304 Not Modified (10ms)
